C:\2DGAME\GAMELIB\DEBUG\VECTOR3.OBJ
C:\2DGAME\GAMELIB\DEBUG\MATRIX3X3.OBJ
C:\2DGAME\GAMELIB\DEBUG\GAMELIB.OBJ
C:\2DGAME\GAMELIB\DEBUG\COLLISION.OBJ
C:\2DGAME\GAMELIB\DEBUG\ASSEMBLYINFO.OBJ
C:\2DGAME\GAMELIB\DEBUG\ANIMATION.OBJ
C:\2DGAME\GAMELIB\DEBUG\ANIMATEDSPRITE.OBJ
C:\2DGAME\GAMELIB\DEBUG\GAMELIB.PCH
C:\2DGAME\GAMELIB\DEBUG\STDAFX.OBJ
C:\2DGAME\GAMELIB\DEBUG\VC110.PDB
C:\2DGAME\GAMELIB\DEBUG\SPRITE.OBJ
C:\2DGAME\GAMELIB\DEBUG\.NETFRAMEWORK,VERSION=V4.5.ASSEMBLYATTRIBUTES.OBJ
C:\2DGAME\GAMELIB\DEBUG\GAMELIB.ILK
C:\2DGAME\GAMELIB\DEBUG\GAMELIB.DLL
C:\2DGAME\GAMELIB\DEBUG\GAMELIB.PDB
C:\2DGAME\GAMELIB\DEBUG\APP.RES
C:\2dGame\GameLib\Debug\GameLib.vcxprojResolveAssemblyReference.cache
C:\2dGame\GameLib\Debug\.NETFramework,Version=v4.5.AssemblyAttributes.obj
C:\2dGame\GameLib\Debug\AnimatedSprite.obj
C:\2dGame\GameLib\Debug\Animation.obj
C:\2dGame\GameLib\Debug\Collision.obj
C:\2dGame\GameLib\Debug\Matrix3x3.obj
C:\2dGame\GameLib\Debug\Sprite.obj
C:\2dGame\GameLib\Debug\Stdafx.obj
C:\2dGame\GameLib\Debug\Vector3.obj
C:\2dGame\GameLib\Debug\cl.command.1.tlog
C:\2dGame\GameLib\Debug\CL.read.1.tlog
C:\2dGame\GameLib\Debug\CL.write.1.tlog
C:\2dGame\GameLib\Debug\link-cvtres.read.1.tlog
C:\2dGame\GameLib\Debug\link-cvtres.write.1.tlog
C:\2dGame\GameLib\Debug\link-rc.read.1.tlog
C:\2dGame\GameLib\Debug\link-rc.write.1.tlog
C:\2dGame\GameLib\Debug\link.1640-cvtres.read.1.tlog
C:\2dGame\GameLib\Debug\link.1640-cvtres.write.1.tlog
C:\2dGame\GameLib\Debug\link.1640-rc.read.1.tlog
C:\2dGame\GameLib\Debug\link.1640-rc.write.1.tlog
C:\2dGame\GameLib\Debug\link.1640.read.1.tlog
C:\2dGame\GameLib\Debug\link.1640.write.1.tlog
C:\2dGame\GameLib\Debug\link.5256-cvtres.read.1.tlog
C:\2dGame\GameLib\Debug\link.5256-cvtres.write.1.tlog
C:\2dGame\GameLib\Debug\link.5256-rc.read.1.tlog
C:\2dGame\GameLib\Debug\link.5256-rc.write.1.tlog
C:\2dGame\GameLib\Debug\link.5256.read.1.tlog
C:\2dGame\GameLib\Debug\link.5256.write.1.tlog
C:\2dGame\GameLib\Debug\link.command.1.tlog
C:\2dGame\GameLib\Debug\link.read.1.tlog
C:\2dGame\GameLib\Debug\link.write.1.tlog
C:\2dGame\GameLib\Debug\metagen.read.1.tlog
C:\2dGame\GameLib\Debug\metagen.write.1.tlog
C:\2dGame\GameLib\Debug\rc.command.1.tlog
C:\2dGame\GameLib\Debug\rc.read.1.tlog
C:\2dGame\GameLib\Debug\rc.write.1.tlog
C:\2dGame\GameLib\Debug\app.res
C:\2dGame\GameLib\Debug\GameLib.pch
C:\2dGame\GameLib\Debug\vc110.idb
C:\2dGame\GameLib\Debug\GameLib.pdb
C:\2dGame\GameLib\Debug\vc110.pdb
C:\2dGame\GameLib\Debug\GameLib.dll.metagen
C:\2dGame\GameLib\Debug\RSAENH.DLL.bi
C:\2dGame\GameLib\Debug\TZRES.DLL.bi
