C:\MASTER\2DGAME\GAMEENGINE\RELEASE\GAMEENGINE.PCH
C:\MASTER\2DGAME\GAMEENGINE\RELEASE\STDAFX.OBJ
C:\MASTER\2DGAME\GAMEENGINE\RELEASE\VC110.PDB
C:\MASTER\2DGAME\GAMEENGINE\RELEASE\WALL.OBJ
C:\MASTER\2DGAME\GAMEENGINE\RELEASE\TURRET.OBJ
C:\MASTER\2DGAME\GAMEENGINE\RELEASE\TINYXMLPARSER.OBJ
C:\MASTER\2DGAME\GAMEENGINE\RELEASE\TINYXMLERROR.OBJ
C:\MASTER\2DGAME\GAMEENGINE\RELEASE\TINYXML.OBJ
C:\MASTER\2DGAME\GAMEENGINE\RELEASE\TINYSTR.OBJ
C:\MASTER\2DGAME\GAMEENGINE\RELEASE\TEXTFONT.OBJ
C:\MASTER\2DGAME\GAMEENGINE\RELEASE\TANK.OBJ
C:\MASTER\2DGAME\GAMEENGINE\RELEASE\NODE.OBJ
C:\MASTER\2DGAME\GAMEENGINE\RELEASE\MISSILE.OBJ
C:\MASTER\2DGAME\GAMEENGINE\RELEASE\KEYBOARD.OBJ
C:\MASTER\2DGAME\GAMEENGINE\RELEASE\GRIDINDEX.OBJ
C:\MASTER\2DGAME\GAMEENGINE\RELEASE\GAMEENGINE.OBJ
C:\MASTER\2DGAME\GAMEENGINE\RELEASE\GAMECONTROLLER.OBJ
C:\MASTER\2DGAME\GAMEENGINE\RELEASE\GAMEENGINE.EXE
C:\MASTER\2DGAME\GAMEENGINE\RELEASE\GAMEENGINE.PDB
C:\Master\2dGame\GameEngine\Release\GameController.obj
C:\Master\2dGame\GameEngine\Release\GameEngine.obj
C:\Master\2dGame\GameEngine\Release\GridIndex.obj
C:\Master\2dGame\GameEngine\Release\Keyboard.obj
C:\Master\2dGame\GameEngine\Release\Missile.obj
C:\Master\2dGame\GameEngine\Release\Node.obj
C:\Master\2dGame\GameEngine\Release\stdafx.obj
C:\Master\2dGame\GameEngine\Release\Tank.obj
C:\Master\2dGame\GameEngine\Release\TextFont.obj
C:\Master\2dGame\GameEngine\Release\tinystr.obj
C:\Master\2dGame\GameEngine\Release\tinyxml.obj
C:\Master\2dGame\GameEngine\Release\tinyxmlerror.obj
C:\Master\2dGame\GameEngine\Release\tinyxmlparser.obj
C:\Master\2dGame\GameEngine\Release\Turret.obj
C:\Master\2dGame\GameEngine\Release\Wall.obj
C:\Master\2dGame\GameEngine\Release\cl.command.1.tlog
C:\Master\2dGame\GameEngine\Release\CL.read.1.tlog
C:\Master\2dGame\GameEngine\Release\CL.write.1.tlog
C:\Master\2dGame\GameEngine\Release\link-cvtres.read.1.tlog
C:\Master\2dGame\GameEngine\Release\link-cvtres.write.1.tlog
C:\Master\2dGame\GameEngine\Release\link-rc.read.1.tlog
C:\Master\2dGame\GameEngine\Release\link-rc.write.1.tlog
C:\Master\2dGame\GameEngine\Release\link.command.1.tlog
C:\Master\2dGame\GameEngine\Release\link.read.1.tlog
C:\Master\2dGame\GameEngine\Release\link.write.1.tlog
C:\Master\2dGame\GameEngine\Release\GameEngine.pch
C:\Master\2dGame\GameEngine\Release\GameEngine.pdb
C:\Master\2dGame\GameEngine\Release\vc110.pdb
C:\Master\2dGame\GameEngine\Release\GameEngine.exe
